./Aj/Boy01_FacialAnimMap.png PNG 4096x4096 4096x4096+0+0 8-bit sRGB 1.74889MiB 0.016u 0:00.000
./Alien Soldier/Ch44_1001_Diffuse.png PNG 4096x4096 4096x4096+0+0 8-bit sRGB 12.332MiB 0.016u 0:00.001
./Alien Soldier/Ch44_1001_Emissive.png PNG 4096x4096 4096x4096+0+0 8-bit sRGB 568002B 0.000u 0:00.000
./Alien Soldier/Ch44_1001_Glossiness.png PNG 4096x4096 4096x4096+0+0 8-bit Gray 256c 7.09274MiB 0.000u 0:00.000
./Alien Soldier/Ch44_1001_Normal.png PNG 4096x4096 4096x4096+0+0 8-bit sRGB 20.6748MiB 0.000u 0:00.001
./Alien Soldier/Ch44_1001_Specular.png PNG 4096x4096 4096x4096+0+0 8-bit sRGB 3.04995MiB 0.000u 0:00.000
./Alien Soldier/Ch44_1002_Diffuse.png PNG 4096x4096 4096x4096+0+0 8-bit sRGB 12.9355MiB 0.000u 0:00.000
./Alien Soldier/Ch44_1002_Emissive.png PNG 4096x4096 4096x4096+0+0 8-bit sRGB 408349B 0.000u 0:00.000
./Alien Soldier/Ch44_1002_Glossiness.png PNG 4096x4096 4096x4096+0+0 8-bit Gray 256c 7.67332MiB 0.000u 0:00.002
./Alien Soldier/Ch44_1002_Normal.png PNG 4096x4096 4096x4096+0+0 8-bit sRGB 21.2374MiB 0.000u 0:00.002
./Alien Soldier/Ch44_1002_Specular.png PNG 4096x4096 4096x4096+0+0 8-bit sRGB 5.55685MiB 0.000u 0:00.001
./Amy/Ch46_1001_Diffuse.png PNG 4096x4096 4096x4096+0+0 8-bit sRGB 9.02318MiB 0.000u 0:00.001
./Amy/Ch46_1001_Glossiness.png PNG 4096x4096 4096x4096+0+0 8-bit Gray 256c 3.64062MiB 0.000u 0:00.001
./Amy/Ch46_1001_Normal.png PNG 4096x4096 4096x4096+0+0 8-bit sRGB 13.6578MiB 0.000u 0:00.001
./Amy/Ch46_1001_Specular.png PNG 4096x4096 4096x4096+0+0 8-bit sRGB 63652B 0.000u 0:00.001
./Brady/Ch40_1001_Diffuse.png PNG 4096x4096 4096x4096+0+0 8-bit sRGB 13.0521MiB 0.000u 0:00.001
./Brady/Ch40_1001_Glossiness.png PNG 4096x4096 4096x4096+0+0 8-bit Gray 256c 6.76135MiB 0.000u 0:00.002
./Brady/Ch40_1001_Normal.png PNG 4096x4096 4096x4096+0+0 8-bit sRGB 24.0178MiB 0.015u 0:00.002
./Brady/Ch40_1001_Specular.png PNG 4096x4096 4096x4096+0+0 8-bit sRGB 993028B 0.000u 0:00.001
./Brady/Ch40_1002_Diffuse.png PNG 4096x4096 4096x4096+0+0 8-bit sRGB 14.3751MiB 0.000u 0:00.000
./Brady/Ch40_1002_Glossiness.png PNG 4096x4096 4096x4096+0+0 8-bit Gray 256c 6.44016MiB 0.000u 0:00.000
./Brady/Ch40_1002_Normal.png PNG 4096x4096 4096x4096+0+0 8-bit sRGB 22.7488MiB 0.000u 0:00.001
./Brady/Ch40_1002_Specular.png PNG 4096x4096 4096x4096+0+0 8-bit sRGB 952300B 0.000u 0:00.000
./Brady/Ch40_1003_Diffuse.png PNG 4096x4096 4096x4096+0+0 8-bit sRGB 18.1002MiB 0.000u 0:00.001
./Doozy/Ch19_1001_Diffuse.png PNG 4096x4096 4096x4096+0+0 8-bit sRGB 17.1396MiB 0.000u 0:00.000
./Doozy/Ch19_1001_Glossiness.png PNG 4096x4096 4096x4096+0+0 8-bit Gray 256c 7.25356MiB 0.000u 0:00.001
./Doozy/Ch19_1001_Normal.png PNG 4096x4096 4096x4096+0+0 8-bit sRGB 23.0949MiB 0.000u 0:00.000
./Doozy/Ch19_1001_Specular.png PNG 4096x4096 4096x4096+0+0 8-bit sRGB 1924940B 0.000u 0:00.001
./Drake/Ch25_1001_Diffuse.png PNG 4096x4096 4096x4096+0+0 8-bit sRGB 11.8294MiB 0.000u 0:00.000
./Drake/Ch25_1001_Glossiness.png PNG 4096x4096 4096x4096+0+0 8-bit Gray 256c 6.05916MiB 0.000u 0:00.002
./Drake/Ch25_1001_Normal.png PNG 4096x4096 4096x4096+0+0 8-bit sRGB 21.8496MiB 0.000u 0:00.000
./Drake/Ch25_1001_Specular.png PNG 4096x4096 4096x4096+0+0 8-bit sRGB 58789B 0.000u 0:00.000
./Drake/Ch25_1002_Diffuse.png PNG 4096x4096 4096x4096+0+0 8-bit sRGB 10.7386MiB 0.000u 0:00.000
./Drake/Ch25_1002_Glossiness.png PNG 4096x4096 4096x4096+0+0 8-bit Gray 256c 5.444MiB 0.000u 0:00.000
./Drake/Ch25_1002_Normal.png PNG 4096x4096 4096x4096+0+0 8-bit sRGB 21.1596MiB 0.015u 0:00.002
./Drake/Ch25_1002_Specular.png PNG 4096x4096 4096x4096+0+0 8-bit sRGB 58789B 0.000u 0:00.000
./Jackie/Ch29_1001_Diffuse.png PNG 4096x4096 4096x4096+0+0 8-bit sRGB 20.3403MiB 0.000u 0:00.000
./Jackie/Ch29_1001_Glossiness.png PNG 4096x4096 4096x4096+0+0 8-bit Gray 256c 6.88936MiB 0.000u 0:00.000
./Jackie/Ch29_1001_Normal.png PNG 4096x4096 4096x4096+0+0 8-bit sRGB 25.6573MiB 0.000u 0:00.000
./Jackie/Ch29_1001_Specular.png PNG 4096x4096 4096x4096+0+0 8-bit sRGB 11.2743MiB 0.000u 0:00.001
./Jolleen/Ch34_1001_Diffuse.png PNG 4096x4096 4096x4096+0+0 8-bit sRGB 7.96738MiB 0.000u 0:00.000
./Jolleen/Ch34_1001_Glossiness.png PNG 4096x4096 4096x4096+0+0 8-bit Gray 256c 386248B 0.000u 0:00.000
./Jolleen/Ch34_1001_Normal.png PNG 4096x4096 4096x4096+0+0 8-bit sRGB 15.2294MiB 0.000u 0:00.000
./Jolleen/Ch34_1001_Specular.png PNG 4096x4096 4096x4096+0+0 8-bit sRGB 1.08652MiB 0.000u 0:00.000
./Jones/Ch04_1001_Diffuse.png PNG 4096x4096 4096x4096+0+0 8-bit sRGB 18.0966MiB 0.000u 0:00.001
./Jones/Ch04_1001_Emissive.png PNG 4096x4096 4096x4096+0+0 8-bit sRGB 57303B 0.000u 0:00.000
./Jones/Ch04_1001_Glossiness.png PNG 4096x4096 4096x4096+0+0 8-bit Gray 256c 7.82138MiB 0.000u 0:00.001
./Jones/Ch04_1001_Normal.png PNG 4096x4096 4096x4096+0+0 8-bit sRGB 22.4108MiB 0.000u 0:00.002
./Jones/Ch04_1001_Specular.png PNG 4096x4096 4096x4096+0+0 8-bit sRGB 3.15952MiB 0.000u 0:00.000
./Maynard/Ch30_1001_Diffuse.png PNG 4096x4096 4096x4096+0+0 8-bit sRGB 14.1019MiB 0.000u 0:00.000
./Maynard/Ch30_1001_Glossiness.png PNG 4096x4096 4096x4096+0+0 8-bit Gray 256c 6.04227MiB 0.000u 0:00.000
./Maynard/Ch30_1001_Normal.png PNG 4096x4096 4096x4096+0+0 8-bit sRGB 23.1193MiB 0.000u 0:00.000
./Maynard/Ch30_1001_Specular.png PNG 4096x4096 4096x4096+0+0 8-bit sRGB 58789B 0.015u 0:00.000
./Maynard/Ch30_1002_Diffuse.png PNG 4096x4096 4096x4096+0+0 8-bit sRGB 17.7283MiB 0.000u 0:00.000
./Maynard/Ch30_1002_Glossiness.png PNG 4096x4096 4096x4096+0+0 8-bit Gray 256c 7.49217MiB 0.000u 0:00.000
./Maynard/Ch30_1002_Normal.png PNG 4096x4096 4096x4096+0+0 8-bit sRGB 25.3166MiB 0.000u 0:00.002
./Maynard/Ch30_1002_Specular.png PNG 4096x4096 4096x4096+0+0 8-bit sRGB 58789B 0.000u 0:00.000
./Michelle/Ch03_1001_Diffuse.png PNG 4096x4096 4096x4096+0+0 8-bit sRGB 4.93007MiB 0.000u 0:00.001
./Michelle/Ch03_1001_Glossiness.png PNG 4096x4096 4096x4096+0+0 8-bit Gray 256c 1.34659MiB 0.000u 0:00.000
./Michelle/Ch03_1001_Normal.png PNG 4096x4096 4096x4096+0+0 8-bit sRGB 12.2984MiB 0.000u 0:00.001
./Michelle/Ch03_1001_Specular.png PNG 4096x4096 4096x4096+0+0 8-bit sRGB 58789B 0.000u 0:00.000
./Mousey/Ch14_1001_Diffuse.png PNG 4096x4096 4096x4096+0+0 8-bit sRGB 11.8405MiB 0.000u 0:00.000
./Mousey/Ch14_1001_Glossiness.png PNG 4096x4096 4096x4096+0+0 8-bit Gray 256c 1.52815MiB 0.015u 0:00.001
./Mousey/Ch14_1001_Normal.png PNG 4096x4096 4096x4096+0+0 8-bit sRGB 14.1559MiB 0.000u 0:00.000
./Mousey/Ch14_1001_Specular.png PNG 4096x4096 4096x4096+0+0 8-bit sRGB 58789B 0.000u 0:00.000
./Sophie/Ch02_1001_Diffuse.png PNG 4096x4096 4096x4096+0+0 8-bit sRGB 13.8023MiB 0.000u 0:00.000
./Sophie/Ch02_1001_Glossiness.png PNG 4096x4096 4096x4096+0+0 8-bit Gray 256c 6.07108MiB 0.000u 0:00.000
./Sophie/Ch02_1001_Normal.png PNG 4096x4096 4096x4096+0+0 8-bit sRGB 19.2173MiB 0.000u 0:00.000
./Sophie/Ch02_1001_Specular.png PNG 4096x4096 4096x4096+0+0 8-bit sRGB 58789B 0.000u 0:00.000
./Timmy/Ch09_1001_Diffuse.png PNG 4096x4096 4096x4096+0+0 8-bit sRGB 9.44172MiB 0.000u 0:00.001
./Timmy/Ch09_1001_Glossiness.png PNG 4096x4096 4096x4096+0+0 8-bit Gray 256c 4.43627MiB 0.000u 0:00.000
./Timmy/Ch09_1001_Normal_Big.png PNG 4096x4096 4096x4096+0+0 8-bit sRGB 17.1896MiB 0.000u 0:00.001
./Timmy/Ch09_1001_Specular.png PNG 4096x4096 4096x4096+0+0 8-bit sRGB 58789B 0.000u 0:00.000
./Zlorp/Ch50_1001_Diffuse.png PNG 4096x4096 4096x4096+0+0 8-bit sRGB 15.9491MiB 0.000u 0:00.001
./Zlorp/Ch50_1001_Emissive.png PNG 4096x4096 4096x4096+0+0 8-bit sRGB 4192720B 0.000u 0:00.000
./Zlorp/Ch50_1001_Glossiness.png PNG 4096x4096 4096x4096+0+0 8-bit Gray 256c 8728980B 0.000u 0:00.001
./Zlorp/Ch50_1001_Normal.png PNG 4096x4096 4096x4096+0+0 8-bit sRGB 21.2175MiB 0.000u 0:00.001
./Zlorp/Ch50_1001_Specular.png PNG 4096x4096 4096x4096+0+0 8-bit sRGB 8.05006MiB 0.000u 0:00.000
./Zlorp/Ch50_1002_Diffuse.png PNG 4096x4096 4096x4096+0+0 8-bit sRGB 16.7677MiB 0.000u 0:00.001
./Zlorp/Ch50_1002_Emissive.png PNG 4096x4096 4096x4096+0+0 8-bit sRGB 7.05007MiB 0.000u 0:00.000
./Zlorp/Ch50_1002_Glossiness.png PNG 4096x4096 4096x4096+0+0 8-bit Gray 256c 6.13816MiB 0.000u 0:00.000
./Zlorp/Ch50_1002_Normal.png PNG 4096x4096 4096x4096+0+0 8-bit sRGB 23.753MiB 0.000u 0:00.000
./Zlorp/Ch50_1002_Specular.png PNG 4096x4096 4096x4096+0+0 8-bit sRGB 3.13699MiB 0.000u 0:00.001
